3b6ed26a-34f7-4c76-85e6-c348a4401262 2017-09-09 00:12:57,245 [proScheduler-5] INFO  com.baidu.disconf.web.tasks.impl.ConfigConsistencyMonitorServiceImpl - monitor disconf_demo	rd	1_0_0_0
3b6ed26a-34f7-4c76-85e6-c348a4401262 2017-09-09 00:12:57,508 [proScheduler-5] INFO  com.baidu.disconf.web.tasks.impl.ConfigConsistencyMonitorServiceImpl - monitor vacomall	local	1.0.0
66a9c8a4-62cf-4c04-86c9-034de7310e74 2017-09-09 00:43:07,555 [proScheduler-3] INFO  com.baidu.disconf.web.tasks.impl.ConfigConsistencyMonitorServiceImpl - monitor disconf_demo	rd	1_0_0_0
66a9c8a4-62cf-4c04-86c9-034de7310e74 2017-09-09 00:43:07,570 [proScheduler-3] INFO  com.baidu.disconf.web.tasks.impl.ConfigConsistencyMonitorServiceImpl - monitor vacomall	local	1.0.0
1a01a46a-2e68-452d-b4bd-e591aeafcc30 2017-09-09 01:13:17,616 [proScheduler-3] INFO  com.baidu.disconf.web.tasks.impl.ConfigConsistencyMonitorServiceImpl - monitor disconf_demo	rd	1_0_0_0
1a01a46a-2e68-452d-b4bd-e591aeafcc30 2017-09-09 01:13:17,640 [proScheduler-3] INFO  com.baidu.disconf.web.tasks.impl.ConfigConsistencyMonitorServiceImpl - monitor vacomall	local	1.0.0
6d3cf50c-abb1-45cd-aa59-2b4b012f5f26 2017-09-09 01:43:27,681 [proScheduler-3] INFO  com.baidu.disconf.web.tasks.impl.ConfigConsistencyMonitorServiceImpl - monitor disconf_demo	rd	1_0_0_0
6d3cf50c-abb1-45cd-aa59-2b4b012f5f26 2017-09-09 01:43:27,711 [proScheduler-3] INFO  com.baidu.disconf.web.tasks.impl.ConfigConsistencyMonitorServiceImpl - monitor vacomall	local	1.0.0
7e3efb2b-6806-4f28-9ce8-3c9eccb21f92 2017-09-09 02:13:37,751 [proScheduler-3] INFO  com.baidu.disconf.web.tasks.impl.ConfigConsistencyMonitorServiceImpl - monitor disconf_demo	rd	1_0_0_0
7e3efb2b-6806-4f28-9ce8-3c9eccb21f92 2017-09-09 02:13:37,773 [proScheduler-3] INFO  com.baidu.disconf.web.tasks.impl.ConfigConsistencyMonitorServiceImpl - monitor vacomall	local	1.0.0
83c0ee72-1ce0-466c-89e3-9d1d21f1d712 2017-09-09 02:43:47,804 [proScheduler-3] INFO  com.baidu.disconf.web.tasks.impl.ConfigConsistencyMonitorServiceImpl - monitor disconf_demo	rd	1_0_0_0
83c0ee72-1ce0-466c-89e3-9d1d21f1d712 2017-09-09 02:43:47,817 [proScheduler-3] INFO  com.baidu.disconf.web.tasks.impl.ConfigConsistencyMonitorServiceImpl - monitor vacomall	local	1.0.0
ad4c5073-40f6-4d60-b2f3-99d572f1a371 2017-09-09 03:13:57,851 [proScheduler-3] INFO  com.baidu.disconf.web.tasks.impl.ConfigConsistencyMonitorServiceImpl - monitor disconf_demo	rd	1_0_0_0
ad4c5073-40f6-4d60-b2f3-99d572f1a371 2017-09-09 03:13:57,870 [proScheduler-3] INFO  com.baidu.disconf.web.tasks.impl.ConfigConsistencyMonitorServiceImpl - monitor vacomall	local	1.0.0
d0c2e1df-78ed-42c3-8c7a-8f208fb41e11 2017-09-09 03:44:07,913 [proScheduler-3] INFO  com.baidu.disconf.web.tasks.impl.ConfigConsistencyMonitorServiceImpl - monitor disconf_demo	rd	1_0_0_0
d0c2e1df-78ed-42c3-8c7a-8f208fb41e11 2017-09-09 03:44:07,930 [proScheduler-3] INFO  com.baidu.disconf.web.tasks.impl.ConfigConsistencyMonitorServiceImpl - monitor vacomall	local	1.0.0
9a659a0d-dda8-4673-bdab-47ccf498348d 2017-09-09 04:14:17,974 [proScheduler-3] INFO  com.baidu.disconf.web.tasks.impl.ConfigConsistencyMonitorServiceImpl - monitor disconf_demo	rd	1_0_0_0
9a659a0d-dda8-4673-bdab-47ccf498348d 2017-09-09 04:14:17,998 [proScheduler-3] INFO  com.baidu.disconf.web.tasks.impl.ConfigConsistencyMonitorServiceImpl - monitor vacomall	local	1.0.0
84612356-29ed-49fb-ac13-9c3e3a5b6890 2017-09-09 04:44:28,042 [proScheduler-5] INFO  com.baidu.disconf.web.tasks.impl.ConfigConsistencyMonitorServiceImpl - monitor disconf_demo	rd	1_0_0_0
84612356-29ed-49fb-ac13-9c3e3a5b6890 2017-09-09 04:44:28,060 [proScheduler-5] INFO  com.baidu.disconf.web.tasks.impl.ConfigConsistencyMonitorServiceImpl - monitor vacomall	local	1.0.0
75f091ac-ef2d-4fa7-bcf6-3aa975e744e4 2017-09-09 05:14:38,102 [proScheduler-5] INFO  com.baidu.disconf.web.tasks.impl.ConfigConsistencyMonitorServiceImpl - monitor disconf_demo	rd	1_0_0_0
75f091ac-ef2d-4fa7-bcf6-3aa975e744e4 2017-09-09 05:14:38,128 [proScheduler-5] INFO  com.baidu.disconf.web.tasks.impl.ConfigConsistencyMonitorServiceImpl - monitor vacomall	local	1.0.0
189158c0-8877-4820-9082-ac3fc06ad4dd 2017-09-09 05:44:48,171 [proScheduler-5] INFO  com.baidu.disconf.web.tasks.impl.ConfigConsistencyMonitorServiceImpl - monitor disconf_demo	rd	1_0_0_0
189158c0-8877-4820-9082-ac3fc06ad4dd 2017-09-09 05:44:48,186 [proScheduler-5] INFO  com.baidu.disconf.web.tasks.impl.ConfigConsistencyMonitorServiceImpl - monitor vacomall	local	1.0.0
49d16a36-fce6-41fc-93b7-6bbb9a6efcd3 2017-09-09 06:14:58,220 [proScheduler-5] INFO  com.baidu.disconf.web.tasks.impl.ConfigConsistencyMonitorServiceImpl - monitor disconf_demo	rd	1_0_0_0
49d16a36-fce6-41fc-93b7-6bbb9a6efcd3 2017-09-09 06:14:58,241 [proScheduler-5] INFO  com.baidu.disconf.web.tasks.impl.ConfigConsistencyMonitorServiceImpl - monitor vacomall	local	1.0.0
0ea078ba-21da-4099-a945-05fb903553ff 2017-09-09 06:45:08,286 [proScheduler-5] INFO  com.baidu.disconf.web.tasks.impl.ConfigConsistencyMonitorServiceImpl - monitor disconf_demo	rd	1_0_0_0
0ea078ba-21da-4099-a945-05fb903553ff 2017-09-09 06:45:08,309 [proScheduler-5] INFO  com.baidu.disconf.web.tasks.impl.ConfigConsistencyMonitorServiceImpl - monitor vacomall	local	1.0.0
b6f15299-98d7-450d-9dce-1dff1f9d4771 2017-09-09 07:15:18,348 [proScheduler-5] INFO  com.baidu.disconf.web.tasks.impl.ConfigConsistencyMonitorServiceImpl - monitor disconf_demo	rd	1_0_0_0
b6f15299-98d7-450d-9dce-1dff1f9d4771 2017-09-09 07:15:18,359 [proScheduler-5] INFO  com.baidu.disconf.web.tasks.impl.ConfigConsistencyMonitorServiceImpl - monitor vacomall	local	1.0.0
1f18e0e6-48af-423f-a9f9-cf02cfe4c3cd 2017-09-09 07:45:28,399 [proScheduler-5] INFO  com.baidu.disconf.web.tasks.impl.ConfigConsistencyMonitorServiceImpl - monitor disconf_demo	rd	1_0_0_0
1f18e0e6-48af-423f-a9f9-cf02cfe4c3cd 2017-09-09 07:45:28,423 [proScheduler-5] INFO  com.baidu.disconf.web.tasks.impl.ConfigConsistencyMonitorServiceImpl - monitor vacomall	local	1.0.0
27f7354e-493f-4f75-8442-f381c997fde0 2017-09-09 08:15:38,467 [proScheduler-5] INFO  com.baidu.disconf.web.tasks.impl.ConfigConsistencyMonitorServiceImpl - monitor disconf_demo	rd	1_0_0_0
27f7354e-493f-4f75-8442-f381c997fde0 2017-09-09 08:15:38,482 [proScheduler-5] INFO  com.baidu.disconf.web.tasks.impl.ConfigConsistencyMonitorServiceImpl - monitor vacomall	local	1.0.0
42854e74-9a8c-4ee4-9d2c-42a4acaf6515 2017-09-09 08:45:48,515 [proScheduler-5] INFO  com.baidu.disconf.web.tasks.impl.ConfigConsistencyMonitorServiceImpl - monitor disconf_demo	rd	1_0_0_0
42854e74-9a8c-4ee4-9d2c-42a4acaf6515 2017-09-09 08:45:48,530 [proScheduler-5] INFO  com.baidu.disconf.web.tasks.impl.ConfigConsistencyMonitorServiceImpl - monitor vacomall	local	1.0.0
2f3ecb1e-948b-4285-bf5a-d63e5ee15290 2017-09-09 09:15:58,565 [proScheduler-5] INFO  com.baidu.disconf.web.tasks.impl.ConfigConsistencyMonitorServiceImpl - monitor disconf_demo	rd	1_0_0_0
2f3ecb1e-948b-4285-bf5a-d63e5ee15290 2017-09-09 09:15:58,581 [proScheduler-5] INFO  com.baidu.disconf.web.tasks.impl.ConfigConsistencyMonitorServiceImpl - monitor vacomall	local	1.0.0
e85afc0d-6687-4695-958b-3e5e31896d3c 2017-09-09 09:46:08,618 [proScheduler-5] INFO  com.baidu.disconf.web.tasks.impl.ConfigConsistencyMonitorServiceImpl - monitor disconf_demo	rd	1_0_0_0
e85afc0d-6687-4695-958b-3e5e31896d3c 2017-09-09 09:46:08,640 [proScheduler-5] INFO  com.baidu.disconf.web.tasks.impl.ConfigConsistencyMonitorServiceImpl - monitor vacomall	local	1.0.0
ed9db7df-e73e-4c9c-902e-6c012e7106d0 2017-09-09 10:16:18,684 [proScheduler-5] INFO  com.baidu.disconf.web.tasks.impl.ConfigConsistencyMonitorServiceImpl - monitor disconf_demo	rd	1_0_0_0
ed9db7df-e73e-4c9c-902e-6c012e7106d0 2017-09-09 10:16:18,699 [proScheduler-5] INFO  com.baidu.disconf.web.tasks.impl.ConfigConsistencyMonitorServiceImpl - monitor vacomall	local	1.0.0
aa85918b-31b5-4070-a27b-099449f73277 2017-09-09 10:46:28,743 [proScheduler-5] INFO  com.baidu.disconf.web.tasks.impl.ConfigConsistencyMonitorServiceImpl - monitor disconf_demo	rd	1_0_0_0
aa85918b-31b5-4070-a27b-099449f73277 2017-09-09 10:46:28,768 [proScheduler-5] INFO  com.baidu.disconf.web.tasks.impl.ConfigConsistencyMonitorServiceImpl - monitor vacomall	local	1.0.0
0c6c20e5-4f86-4d9b-8bbe-6d2d63b029ec 2017-09-09 11:16:38,808 [proScheduler-5] INFO  com.baidu.disconf.web.tasks.impl.ConfigConsistencyMonitorServiceImpl - monitor disconf_demo	rd	1_0_0_0
0c6c20e5-4f86-4d9b-8bbe-6d2d63b029ec 2017-09-09 11:16:38,822 [proScheduler-5] INFO  com.baidu.disconf.web.tasks.impl.ConfigConsistencyMonitorServiceImpl - monitor vacomall	local	1.0.0
a1b5118b-8741-4e3f-a590-92c780bbbfb9 2017-09-09 11:46:48,860 [proScheduler-5] INFO  com.baidu.disconf.web.tasks.impl.ConfigConsistencyMonitorServiceImpl - monitor disconf_demo	rd	1_0_0_0
a1b5118b-8741-4e3f-a590-92c780bbbfb9 2017-09-09 11:46:48,876 [proScheduler-5] INFO  com.baidu.disconf.web.tasks.impl.ConfigConsistencyMonitorServiceImpl - monitor vacomall	local	1.0.0
6d849d31-ddad-4950-9221-cc993033724a 2017-09-09 12:16:58,917 [proScheduler-5] INFO  com.baidu.disconf.web.tasks.impl.ConfigConsistencyMonitorServiceImpl - monitor disconf_demo	rd	1_0_0_0
6d849d31-ddad-4950-9221-cc993033724a 2017-09-09 12:16:58,924 [proScheduler-5] INFO  com.baidu.disconf.web.tasks.impl.ConfigConsistencyMonitorServiceImpl - monitor vacomall	local	1.0.0
3afe2b72-53a5-4a6e-83e9-94523d9566d4 2017-09-09 12:47:08,961 [proScheduler-5] INFO  com.baidu.disconf.web.tasks.impl.ConfigConsistencyMonitorServiceImpl - monitor disconf_demo	rd	1_0_0_0
3afe2b72-53a5-4a6e-83e9-94523d9566d4 2017-09-09 12:47:08,980 [proScheduler-5] INFO  com.baidu.disconf.web.tasks.impl.ConfigConsistencyMonitorServiceImpl - monitor vacomall	local	1.0.0
baaab98c-b658-451c-9c3e-9bab22b34fb5 2017-09-09 13:17:19,028 [proScheduler-5] INFO  com.baidu.disconf.web.tasks.impl.ConfigConsistencyMonitorServiceImpl - monitor disconf_demo	rd	1_0_0_0
baaab98c-b658-451c-9c3e-9bab22b34fb5 2017-09-09 13:17:19,051 [proScheduler-5] INFO  com.baidu.disconf.web.tasks.impl.ConfigConsistencyMonitorServiceImpl - monitor vacomall	local	1.0.0
40478ceb-f77a-4332-8b4e-c79bff74b856 2017-09-09 13:47:29,109 [proScheduler-5] INFO  com.baidu.disconf.web.tasks.impl.ConfigConsistencyMonitorServiceImpl - monitor disconf_demo	rd	1_0_0_0
40478ceb-f77a-4332-8b4e-c79bff74b856 2017-09-09 13:47:29,130 [proScheduler-5] INFO  com.baidu.disconf.web.tasks.impl.ConfigConsistencyMonitorServiceImpl - monitor vacomall	local	1.0.0
4fa0d645-1066-4833-8c28-23db070f70a3 2017-09-09 14:17:39,170 [proScheduler-5] INFO  com.baidu.disconf.web.tasks.impl.ConfigConsistencyMonitorServiceImpl - monitor disconf_demo	rd	1_0_0_0
4fa0d645-1066-4833-8c28-23db070f70a3 2017-09-09 14:17:39,177 [proScheduler-5] INFO  com.baidu.disconf.web.tasks.impl.ConfigConsistencyMonitorServiceImpl - monitor vacomall	local	1.0.0
027f6858-1de7-412a-aa62-8254b349bfd0 2017-09-09 14:47:49,202 [proScheduler-5] INFO  com.baidu.disconf.web.tasks.impl.ConfigConsistencyMonitorServiceImpl - monitor disconf_demo	rd	1_0_0_0
027f6858-1de7-412a-aa62-8254b349bfd0 2017-09-09 14:47:49,205 [proScheduler-5] INFO  com.baidu.disconf.web.tasks.impl.ConfigConsistencyMonitorServiceImpl - monitor vacomall	local	1.0.0
99d8648d-d56c-46c0-b0c1-625fd8f243e2 2017-09-09 15:17:59,233 [proScheduler-5] INFO  com.baidu.disconf.web.tasks.impl.ConfigConsistencyMonitorServiceImpl - monitor disconf_demo	rd	1_0_0_0
99d8648d-d56c-46c0-b0c1-625fd8f243e2 2017-09-09 15:17:59,240 [proScheduler-5] INFO  com.baidu.disconf.web.tasks.impl.ConfigConsistencyMonitorServiceImpl - monitor vacomall	local	1.0.0
e115f74d-0f78-44d5-9882-3723f2cd79d2 2017-09-11 12:07:01,978 [proScheduler-1] INFO  com.baidu.disconf.web.tasks.impl.ConfigConsistencyMonitorServiceImpl - monitor disconf_demo	rd	1_0_0_0
e115f74d-0f78-44d5-9882-3723f2cd79d2 2017-09-11 12:07:02,026 [proScheduler-1] INFO  com.baidu.disconf.web.tasks.impl.ConfigConsistencyMonitorServiceImpl - monitor vacomall	local	1.0.0
9f9fc89a-ae86-4cad-8579-ab208e49fe88 2017-09-11 12:37:12,082 [proScheduler-1] INFO  com.baidu.disconf.web.tasks.impl.ConfigConsistencyMonitorServiceImpl - monitor disconf_demo	rd	1_0_0_0
9f9fc89a-ae86-4cad-8579-ab208e49fe88 2017-09-11 12:37:12,110 [proScheduler-1] INFO  com.baidu.disconf.web.tasks.impl.ConfigConsistencyMonitorServiceImpl - monitor vacomall	local	1.0.0
a1cd6672-db9a-4669-bbcb-86660ee8d2d5 2017-09-11 13:07:22,383 [proScheduler-2] INFO  com.baidu.disconf.web.tasks.impl.ConfigConsistencyMonitorServiceImpl - monitor disconf_demo	rd	1_0_0_0
a1cd6672-db9a-4669-bbcb-86660ee8d2d5 2017-09-11 13:07:22,412 [proScheduler-2] INFO  com.baidu.disconf.web.tasks.impl.ConfigConsistencyMonitorServiceImpl - monitor vacomall	local	1.0.0
9a459e7b-df57-4dd1-b075-4840f1c9b45d 2017-09-11 13:37:32,469 [proScheduler-1] INFO  com.baidu.disconf.web.tasks.impl.ConfigConsistencyMonitorServiceImpl - monitor disconf_demo	rd	1_0_0_0
9a459e7b-df57-4dd1-b075-4840f1c9b45d 2017-09-11 13:37:32,485 [proScheduler-1] INFO  com.baidu.disconf.web.tasks.impl.ConfigConsistencyMonitorServiceImpl - monitor vacomall	local	1.0.0
47dec0bc-6523-4674-a688-55459fae33a4 2017-09-11 14:07:42,542 [proScheduler-3] INFO  com.baidu.disconf.web.tasks.impl.ConfigConsistencyMonitorServiceImpl - monitor disconf_demo	rd	1_0_0_0
47dec0bc-6523-4674-a688-55459fae33a4 2017-09-11 14:07:42,568 [proScheduler-3] INFO  com.baidu.disconf.web.tasks.impl.ConfigConsistencyMonitorServiceImpl - monitor vacomall	local	1.0.0
dc0ad111-f2ad-48ab-97b7-6e9da6d4f371 2017-09-11 14:37:52,625 [proScheduler-2] INFO  com.baidu.disconf.web.tasks.impl.ConfigConsistencyMonitorServiceImpl - monitor disconf_demo	rd	1_0_0_0
dc0ad111-f2ad-48ab-97b7-6e9da6d4f371 2017-09-11 14:37:52,631 [proScheduler-2] INFO  com.baidu.disconf.web.tasks.impl.ConfigConsistencyMonitorServiceImpl - monitor vacomall	local	1.0.0
b66fa846-72dd-4e46-914e-e5cf84efeb94 2017-09-11 15:08:02,670 [proScheduler-4] INFO  com.baidu.disconf.web.tasks.impl.ConfigConsistencyMonitorServiceImpl - monitor disconf_demo	rd	1_0_0_0
b66fa846-72dd-4e46-914e-e5cf84efeb94 2017-09-11 15:08:02,683 [proScheduler-4] INFO  com.baidu.disconf.web.tasks.impl.ConfigConsistencyMonitorServiceImpl - monitor vacomall	local	1.0.0
7af7c6fd-638d-47d5-aac2-96c36b2e5a8a 2017-09-11 15:38:12,731 [proScheduler-1] INFO  com.baidu.disconf.web.tasks.impl.ConfigConsistencyMonitorServiceImpl - monitor disconf_demo	rd	1_0_0_0
7af7c6fd-638d-47d5-aac2-96c36b2e5a8a 2017-09-11 15:38:12,740 [proScheduler-1] INFO  com.baidu.disconf.web.tasks.impl.ConfigConsistencyMonitorServiceImpl - monitor vacomall	local	1.0.0
7acbfd07-9eaa-4bc0-a295-cd06e9422249 2017-09-11 16:08:22,787 [proScheduler-5] INFO  com.baidu.disconf.web.tasks.impl.ConfigConsistencyMonitorServiceImpl - monitor disconf_demo	rd	1_0_0_0
7acbfd07-9eaa-4bc0-a295-cd06e9422249 2017-09-11 16:08:22,808 [proScheduler-5] INFO  com.baidu.disconf.web.tasks.impl.ConfigConsistencyMonitorServiceImpl - monitor vacomall	local	1.0.0
96a86adb-0bdb-4986-a6cb-f5b81cf801bb 2017-09-11 16:38:32,860 [proScheduler-3] INFO  com.baidu.disconf.web.tasks.impl.ConfigConsistencyMonitorServiceImpl - monitor disconf_demo	rd	1_0_0_0
96a86adb-0bdb-4986-a6cb-f5b81cf801bb 2017-09-11 16:38:32,879 [proScheduler-3] INFO  com.baidu.disconf.web.tasks.impl.ConfigConsistencyMonitorServiceImpl - monitor vacomall	local	1.0.0
92b35005-ba27-46d5-8863-d77cf477df7d 2017-09-11 17:08:42,939 [proScheduler-3] INFO  com.baidu.disconf.web.tasks.impl.ConfigConsistencyMonitorServiceImpl - monitor disconf_demo	rd	1_0_0_0
92b35005-ba27-46d5-8863-d77cf477df7d 2017-09-11 17:08:42,950 [proScheduler-3] INFO  com.baidu.disconf.web.tasks.impl.ConfigConsistencyMonitorServiceImpl - monitor vacomall	local	1.0.0
522782ed-2616-422a-b392-97c0ee214cfb 2017-09-11 17:38:52,996 [proScheduler-3] INFO  com.baidu.disconf.web.tasks.impl.ConfigConsistencyMonitorServiceImpl - monitor disconf_demo	rd	1_0_0_0
522782ed-2616-422a-b392-97c0ee214cfb 2017-09-11 17:38:53,009 [proScheduler-3] INFO  com.baidu.disconf.web.tasks.impl.ConfigConsistencyMonitorServiceImpl - monitor vacomall	local	1.0.0
5d5e9228-2572-4a09-86c1-fca74ee0cef3 2017-09-19 16:30:25,687 [proScheduler-1] INFO  com.baidu.disconf.web.tasks.impl.ConfigConsistencyMonitorServiceImpl - monitor disconf_demo	rd	1_0_0_0
5d5e9228-2572-4a09-86c1-fca74ee0cef3 2017-09-19 16:30:25,721 [proScheduler-1] INFO  com.baidu.disconf.web.tasks.impl.ConfigConsistencyMonitorServiceImpl - monitor vacomall	local	1.0.0
159659cb-c5e6-40bc-b30b-aef40748238b 2017-09-19 17:00:35,765 [proScheduler-1] INFO  com.baidu.disconf.web.tasks.impl.ConfigConsistencyMonitorServiceImpl - monitor disconf_demo	rd	1_0_0_0
159659cb-c5e6-40bc-b30b-aef40748238b 2017-09-19 17:00:35,788 [proScheduler-1] INFO  com.baidu.disconf.web.tasks.impl.ConfigConsistencyMonitorServiceImpl - monitor vacomall	local	1.0.0
3e03419a-5f2c-46fa-b2e8-eadd26716e18 2017-09-28 10:26:34,669 [proScheduler-1] INFO  com.baidu.disconf.web.tasks.impl.ConfigConsistencyMonitorServiceImpl - monitor disconf_demo	rd	1_0_0_0
3e03419a-5f2c-46fa-b2e8-eadd26716e18 2017-09-28 10:26:34,701 [proScheduler-1] INFO  com.baidu.disconf.web.tasks.impl.ConfigConsistencyMonitorServiceImpl - monitor vacomall	local	1.0.0
66d827fc-d5ef-4343-8d07-1a754e32849c 2017-09-28 10:56:44,753 [proScheduler-1] INFO  com.baidu.disconf.web.tasks.impl.ConfigConsistencyMonitorServiceImpl - monitor disconf_demo	rd	1_0_0_0
66d827fc-d5ef-4343-8d07-1a754e32849c 2017-09-28 10:56:44,766 [proScheduler-1] INFO  com.baidu.disconf.web.tasks.impl.ConfigConsistencyMonitorServiceImpl - monitor vacomall	local	1.0.0
94a70d5f-aef0-4c3d-959d-8b359e2849c4 2017-09-28 11:26:54,807 [proScheduler-2] INFO  com.baidu.disconf.web.tasks.impl.ConfigConsistencyMonitorServiceImpl - monitor disconf_demo	rd	1_0_0_0
94a70d5f-aef0-4c3d-959d-8b359e2849c4 2017-09-28 11:26:54,819 [proScheduler-2] INFO  com.baidu.disconf.web.tasks.impl.ConfigConsistencyMonitorServiceImpl - monitor vacomall	local	1.0.0
63e708ea-988b-49d9-8930-735c11964979 2017-09-28 11:57:04,856 [proScheduler-2] INFO  com.baidu.disconf.web.tasks.impl.ConfigConsistencyMonitorServiceImpl - monitor disconf_demo	rd	1_0_0_0
63e708ea-988b-49d9-8930-735c11964979 2017-09-28 11:57:04,863 [proScheduler-2] INFO  com.baidu.disconf.web.tasks.impl.ConfigConsistencyMonitorServiceImpl - monitor vacomall	local	1.0.0
554e5ccc-9aac-4e47-89a4-d0efa5eaf0f7 2017-09-28 12:27:14,905 [proScheduler-3] INFO  com.baidu.disconf.web.tasks.impl.ConfigConsistencyMonitorServiceImpl - monitor disconf_demo	rd	1_0_0_0
554e5ccc-9aac-4e47-89a4-d0efa5eaf0f7 2017-09-28 12:27:14,929 [proScheduler-3] INFO  com.baidu.disconf.web.tasks.impl.ConfigConsistencyMonitorServiceImpl - monitor vacomall	local	1.0.0
9565eba0-7e8e-4bd0-8843-4235503c1fcf 2017-09-28 12:57:24,979 [proScheduler-1] INFO  com.baidu.disconf.web.tasks.impl.ConfigConsistencyMonitorServiceImpl - monitor disconf_demo	rd	1_0_0_0
9565eba0-7e8e-4bd0-8843-4235503c1fcf 2017-09-28 12:57:25,008 [proScheduler-1] INFO  com.baidu.disconf.web.tasks.impl.ConfigConsistencyMonitorServiceImpl - monitor vacomall	local	1.0.0
afbef839-ecc5-4477-ac7d-c2028398b9d1 2017-09-28 13:27:35,063 [proScheduler-4] INFO  com.baidu.disconf.web.tasks.impl.ConfigConsistencyMonitorServiceImpl - monitor disconf_demo	rd	1_0_0_0
afbef839-ecc5-4477-ac7d-c2028398b9d1 2017-09-28 13:27:35,073 [proScheduler-4] INFO  com.baidu.disconf.web.tasks.impl.ConfigConsistencyMonitorServiceImpl - monitor vacomall	local	1.0.0
714b9247-ded3-4813-9daa-ed165b156948 2017-09-28 13:57:45,129 [proScheduler-4] INFO  com.baidu.disconf.web.tasks.impl.ConfigConsistencyMonitorServiceImpl - monitor disconf_demo	rd	1_0_0_0
714b9247-ded3-4813-9daa-ed165b156948 2017-09-28 13:57:45,139 [proScheduler-4] INFO  com.baidu.disconf.web.tasks.impl.ConfigConsistencyMonitorServiceImpl - monitor vacomall	local	1.0.0
00cfb2cd-1c52-4248-b3ec-4a905ab13858 2017-09-28 14:27:55,170 [proScheduler-5] INFO  com.baidu.disconf.web.tasks.impl.ConfigConsistencyMonitorServiceImpl - monitor disconf_demo	rd	1_0_0_0
00cfb2cd-1c52-4248-b3ec-4a905ab13858 2017-09-28 14:27:55,176 [proScheduler-5] INFO  com.baidu.disconf.web.tasks.impl.ConfigConsistencyMonitorServiceImpl - monitor vacomall	local	1.0.0
d14f3c06-40f5-4050-94c1-90a031cb187f 2017-09-28 14:58:05,209 [proScheduler-3] INFO  com.baidu.disconf.web.tasks.impl.ConfigConsistencyMonitorServiceImpl - monitor disconf_demo	rd	1_0_0_0
d14f3c06-40f5-4050-94c1-90a031cb187f 2017-09-28 14:58:05,217 [proScheduler-3] INFO  com.baidu.disconf.web.tasks.impl.ConfigConsistencyMonitorServiceImpl - monitor vacomall	local	1.0.0
e27c720e-7e34-4c3c-a007-22f003978771 2017-09-28 15:28:15,254 [proScheduler-3] INFO  com.baidu.disconf.web.tasks.impl.ConfigConsistencyMonitorServiceImpl - monitor disconf_demo	rd	1_0_0_0
e27c720e-7e34-4c3c-a007-22f003978771 2017-09-28 15:28:15,271 [proScheduler-3] INFO  com.baidu.disconf.web.tasks.impl.ConfigConsistencyMonitorServiceImpl - monitor vacomall	local	1.0.0
8cbd9ce0-af5c-4131-bb8d-3435cf8f4b51 2017-09-28 15:58:25,327 [proScheduler-3] INFO  com.baidu.disconf.web.tasks.impl.ConfigConsistencyMonitorServiceImpl - monitor disconf_demo	rd	1_0_0_0
8cbd9ce0-af5c-4131-bb8d-3435cf8f4b51 2017-09-28 15:58:25,350 [proScheduler-3] INFO  com.baidu.disconf.web.tasks.impl.ConfigConsistencyMonitorServiceImpl - monitor vacomall	local	1.0.0
c0dd9b21-e080-4d5e-b5f9-e9c222bd637a 2017-09-28 16:28:35,399 [proScheduler-3] INFO  com.baidu.disconf.web.tasks.impl.ConfigConsistencyMonitorServiceImpl - monitor disconf_demo	rd	1_0_0_0
c0dd9b21-e080-4d5e-b5f9-e9c222bd637a 2017-09-28 16:28:35,407 [proScheduler-3] INFO  com.baidu.disconf.web.tasks.impl.ConfigConsistencyMonitorServiceImpl - monitor vacomall	local	1.0.0
bc288d9e-512a-4897-9074-085bdc70d6bd 2017-09-28 16:58:45,450 [proScheduler-3] INFO  com.baidu.disconf.web.tasks.impl.ConfigConsistencyMonitorServiceImpl - monitor disconf_demo	rd	1_0_0_0
bc288d9e-512a-4897-9074-085bdc70d6bd 2017-09-28 16:58:45,463 [proScheduler-3] INFO  com.baidu.disconf.web.tasks.impl.ConfigConsistencyMonitorServiceImpl - monitor vacomall	local	1.0.0
202f815e-d256-4db2-a307-6e439580fb61 2017-09-28 17:28:55,507 [proScheduler-3] INFO  com.baidu.disconf.web.tasks.impl.ConfigConsistencyMonitorServiceImpl - monitor disconf_demo	rd	1_0_0_0
202f815e-d256-4db2-a307-6e439580fb61 2017-09-28 17:28:55,532 [proScheduler-3] INFO  com.baidu.disconf.web.tasks.impl.ConfigConsistencyMonitorServiceImpl - monitor vacomall	local	1.0.0
