08-Sep-2017 14:39:41.702 严重 [main] org.apache.catalina.startup.Catalina.stopServer Could not contact localhost:8006. Tomcat may not be running.
08-Sep-2017 14:39:41.727 严重 [main] org.apache.catalina.startup.Catalina.stopServer Catalina.stop: 
 java.net.ConnectException: Connection refused: connect
	at java.net.DualStackPlainSocketImpl.connect0(Native Method)
	at java.net.DualStackPlainSocketImpl.socketConnect(DualStackPlainSocketImpl.java:79)
	at java.net.AbstractPlainSocketImpl.doConnect(AbstractPlainSocketImpl.java:350)
	at java.net.AbstractPlainSocketImpl.connectToAddress(AbstractPlainSocketImpl.java:206)
	at java.net.AbstractPlainSocketImpl.connect(AbstractPlainSocketImpl.java:188)
	at java.net.PlainSocketImpl.connect(PlainSocketImpl.java:172)
	at java.net.SocksSocketImpl.connect(SocksSocketImpl.java:392)
	at java.net.Socket.connect(Socket.java:589)
	at java.net.Socket.connect(Socket.java:538)
	at java.net.Socket.<init>(Socket.java:434)
	at java.net.Socket.<init>(Socket.java:211)
	at org.apache.catalina.startup.Catalina.stopServer(Catalina.java:476)
	at sun.reflect.NativeMethodAccessorImpl.invoke0(Native Method)
	at sun.reflect.NativeMethodAccessorImpl.invoke(NativeMethodAccessorImpl.java:62)
	at sun.reflect.DelegatingMethodAccessorImpl.invoke(DelegatingMethodAccessorImpl.java:43)
	at java.lang.reflect.Method.invoke(Method.java:498)
	at org.apache.catalina.startup.Bootstrap.stopServer(Bootstrap.java:408)
	at org.apache.catalina.startup.Bootstrap.main(Bootstrap.java:497)

08-Sep-2017 14:39:44.479 信息 [main] org.apache.catalina.startup.VersionLoggerListener.log Server version:        Apache Tomcat/8.5.8
08-Sep-2017 14:39:44.481 信息 [main] org.apache.catalina.startup.VersionLoggerListener.log Server built:          Nov 3 2016 21:14:13 UTC
08-Sep-2017 14:39:44.482 信息 [main] org.apache.catalina.startup.VersionLoggerListener.log Server number:         8.5.8.0
08-Sep-2017 14:39:44.482 信息 [main] org.apache.catalina.startup.VersionLoggerListener.log OS Name:               Windows 7
08-Sep-2017 14:39:44.482 信息 [main] org.apache.catalina.startup.VersionLoggerListener.log OS Version:            6.1
08-Sep-2017 14:39:44.482 信息 [main] org.apache.catalina.startup.VersionLoggerListener.log Architecture:          amd64
08-Sep-2017 14:39:44.483 信息 [main] org.apache.catalina.startup.VersionLoggerListener.log Java Home:             C:\Program Files\Java\jdk1.8.0_131\jre
08-Sep-2017 14:39:44.483 信息 [main] org.apache.catalina.startup.VersionLoggerListener.log JVM Version:           1.8.0_131-b11
08-Sep-2017 14:39:44.483 信息 [main] org.apache.catalina.startup.VersionLoggerListener.log JVM Vendor:            Oracle Corporation
08-Sep-2017 14:39:44.483 信息 [main] org.apache.catalina.startup.VersionLoggerListener.log CATALINA_BASE:         G:\app_server\apache-tomcat-8.5.8-zookeeper
08-Sep-2017 14:39:44.484 信息 [main] org.apache.catalina.startup.VersionLoggerListener.log CATALINA_HOME:         G:\app_server\apache-tomcat-8.5.8-zookeeper
08-Sep-2017 14:39:44.485 信息 [main] org.apache.catalina.startup.VersionLoggerListener.log Command line argument: -DconfigFilePath=G:\app_server\apache-tomcat-8.5.8-taokeeper-monitor\webapps\taokeeper-monitor\config\taokeeper-monitor-config.properties
08-Sep-2017 14:39:44.485 信息 [main] org.apache.catalina.startup.VersionLoggerListener.log Command line argument: -Djdk.tls.ephemeralDHKeySize=2048
08-Sep-2017 14:39:44.485 信息 [main] org.apache.catalina.startup.VersionLoggerListener.log Command line argument: -Djava.protocol.handler.pkgs=org.apache.catalina.webresources
08-Sep-2017 14:39:44.486 信息 [main] org.apache.catalina.startup.VersionLoggerListener.log Command line argument: -Djava.util.logging.config.file=G:\app_server\apache-tomcat-8.5.8-zookeeper\conf\logging.properties
08-Sep-2017 14:39:44.490 信息 [main] org.apache.catalina.startup.VersionLoggerListener.log Command line argument: -Djava.util.logging.manager=org.apache.juli.ClassLoaderLogManager
08-Sep-2017 14:39:44.493 信息 [main] org.apache.catalina.startup.VersionLoggerListener.log Command line argument: -Dcatalina.base=G:\app_server\apache-tomcat-8.5.8-zookeeper
08-Sep-2017 14:39:44.495 信息 [main] org.apache.catalina.startup.VersionLoggerListener.log Command line argument: -Dcatalina.home=G:\app_server\apache-tomcat-8.5.8-zookeeper
08-Sep-2017 14:39:44.498 信息 [main] org.apache.catalina.startup.VersionLoggerListener.log Command line argument: -Djava.io.tmpdir=G:\app_server\apache-tomcat-8.5.8-zookeeper\temp
08-Sep-2017 14:39:44.502 信息 [main] org.apache.catalina.core.AprLifecycleListener.lifecycleEvent Loaded APR based Apache Tomcat Native library 1.2.10 using APR version 1.5.2.
08-Sep-2017 14:39:44.504 信息 [main] org.apache.catalina.core.AprLifecycleListener.lifecycleEvent APR capabilities: IPv6 [true], sendfile [true], accept filters [false], random [true].
08-Sep-2017 14:39:44.507 信息 [main] org.apache.catalina.core.AprLifecycleListener.lifecycleEvent APR/OpenSSL configuration: useAprConnector [false], useOpenSSL [true]
08-Sep-2017 14:39:44.941 信息 [main] org.apache.catalina.core.AprLifecycleListener.initializeSSL OpenSSL successfully initialized (OpenSSL 1.0.2j  26 Sep 2016)
08-Sep-2017 14:39:45.025 信息 [main] org.apache.coyote.AbstractProtocol.init Initializing ProtocolHandler ["http-nio-8016"]
08-Sep-2017 14:39:45.147 信息 [main] org.apache.tomcat.util.net.NioSelectorPool.getSharedSelector Using a shared selector for servlet write/read
08-Sep-2017 14:39:45.149 信息 [main] org.apache.coyote.AbstractProtocol.init Initializing ProtocolHandler ["ajp-nio-8010"]
08-Sep-2017 14:39:45.151 信息 [main] org.apache.tomcat.util.net.NioSelectorPool.getSharedSelector Using a shared selector for servlet write/read
08-Sep-2017 14:39:45.151 信息 [main] org.apache.catalina.startup.Catalina.load Initialization processed in 913 ms
08-Sep-2017 14:39:45.170 信息 [main] org.apache.catalina.core.StandardService.startInternal Starting service Catalina
08-Sep-2017 14:39:45.170 信息 [main] org.apache.catalina.core.StandardEngine.startInternal Starting Servlet Engine: Apache Tomcat/8.5.8
08-Sep-2017 14:39:45.176 信息 [localhost-startStop-1] org.apache.catalina.startup.HostConfig.deployDirectory Deploying web application directory G:\app_server\apache-tomcat-8.5.8-zookeeper\webapps\docs
08-Sep-2017 14:39:45.344 信息 [localhost-startStop-1] org.apache.catalina.startup.HostConfig.deployDirectory Deployment of web application directory G:\app_server\apache-tomcat-8.5.8-zookeeper\webapps\docs has finished in 168 ms
08-Sep-2017 14:39:45.345 信息 [localhost-startStop-1] org.apache.catalina.startup.HostConfig.deployDirectory Deploying web application directory G:\app_server\apache-tomcat-8.5.8-zookeeper\webapps\dubbokeeper
08-Sep-2017 14:39:46.292 信息 [localhost-startStop-1] org.apache.jasper.servlet.TldScanner.scanJars At least one JAR was scanned for TLDs yet contained no TLDs. Enable debug logging for this logger for a complete list of JARs that were scanned but no TLDs were found in them. Skipping unneeded JARs during scanning can improve startup time and JSP compilation time.
08-Sep-2017 14:39:49.659 信息 [localhost-startStop-1] org.apache.catalina.startup.HostConfig.deployDirectory Deployment of web application directory G:\app_server\apache-tomcat-8.5.8-zookeeper\webapps\dubbokeeper has finished in 4,314 ms
08-Sep-2017 14:39:49.660 信息 [localhost-startStop-1] org.apache.catalina.startup.HostConfig.deployDirectory Deploying web application directory G:\app_server\apache-tomcat-8.5.8-zookeeper\webapps\examples
08-Sep-2017 14:39:49.777 信息 [localhost-startStop-1] org.apache.catalina.startup.HostConfig.deployDirectory Deployment of web application directory G:\app_server\apache-tomcat-8.5.8-zookeeper\webapps\examples has finished in 117 ms
08-Sep-2017 14:39:49.778 信息 [localhost-startStop-1] org.apache.catalina.startup.HostConfig.deployDirectory Deploying web application directory G:\app_server\apache-tomcat-8.5.8-zookeeper\webapps\host-manager
08-Sep-2017 14:39:49.794 信息 [localhost-startStop-1] org.apache.catalina.startup.HostConfig.deployDirectory Deployment of web application directory G:\app_server\apache-tomcat-8.5.8-zookeeper\webapps\host-manager has finished in 17 ms
08-Sep-2017 14:39:49.795 信息 [localhost-startStop-1] org.apache.catalina.startup.HostConfig.deployDirectory Deploying web application directory G:\app_server\apache-tomcat-8.5.8-zookeeper\webapps\manager
08-Sep-2017 14:39:49.809 信息 [localhost-startStop-1] org.apache.catalina.startup.HostConfig.deployDirectory Deployment of web application directory G:\app_server\apache-tomcat-8.5.8-zookeeper\webapps\manager has finished in 13 ms
08-Sep-2017 14:39:49.810 信息 [localhost-startStop-1] org.apache.catalina.startup.HostConfig.deployDirectory Deploying web application directory G:\app_server\apache-tomcat-8.5.8-zookeeper\webapps\ROOT
08-Sep-2017 14:39:49.823 信息 [localhost-startStop-1] org.apache.catalina.startup.HostConfig.deployDirectory Deployment of web application directory G:\app_server\apache-tomcat-8.5.8-zookeeper\webapps\ROOT has finished in 14 ms
08-Sep-2017 14:39:49.825 信息 [localhost-startStop-1] org.apache.catalina.startup.HostConfig.deployDirectory Deploying web application directory G:\app_server\apache-tomcat-8.5.8-zookeeper\webapps\taokeeper-monitor
08-Sep-2017 14:39:51.784 信息 [localhost-startStop-1] org.apache.jasper.servlet.TldScanner.scanJars At least one JAR was scanned for TLDs yet contained no TLDs. Enable debug logging for this logger for a complete list of JARs that were scanned but no TLDs were found in them. Skipping unneeded JARs during scanning can improve startup time and JSP compilation time.
08-Sep-2017 14:39:52.617 信息 [localhost-startStop-1] org.apache.catalina.startup.HostConfig.deployDirectory Deployment of web application directory G:\app_server\apache-tomcat-8.5.8-zookeeper\webapps\taokeeper-monitor has finished in 2,792 ms
08-Sep-2017 14:39:52.620 信息 [main] org.apache.coyote.AbstractProtocol.start Starting ProtocolHandler [http-nio-8016]
08-Sep-2017 14:39:52.626 信息 [main] org.apache.coyote.AbstractProtocol.start Starting ProtocolHandler [ajp-nio-8010]
08-Sep-2017 14:39:52.627 信息 [main] org.apache.catalina.startup.Catalina.start Server startup in 7475 ms
08-Sep-2017 15:02:17.768 信息 [Thread-6] org.apache.coyote.AbstractProtocol.pause Pausing ProtocolHandler ["http-nio-8016"]
08-Sep-2017 15:02:17.830 信息 [Thread-6] org.apache.coyote.AbstractProtocol.pause Pausing ProtocolHandler ["ajp-nio-8010"]
08-Sep-2017 15:02:17.882 信息 [Thread-6] org.apache.catalina.core.StandardService.stopInternal Stopping service Catalina
08-Sep-2017 15:02:17.975 警告 [localhost-startStop-2] org.apache.catalina.loader.WebappClassLoaderBase.clearReferencesThreads The web application [dubbokeeper] appears to have started a thread named [DubboRegistryFailedRetryTimer-thread-1] but has failed to stop it. This is very likely to create a memory leak. Stack trace of thread:
 sun.misc.Unsafe.park(Native Method)
 java.util.concurrent.locks.LockSupport.parkNanos(LockSupport.java:215)
 java.util.concurrent.locks.AbstractQueuedSynchronizer$ConditionObject.awaitNanos(AbstractQueuedSynchronizer.java:2078)
 java.util.concurrent.ScheduledThreadPoolExecutor$DelayedWorkQueue.take(ScheduledThreadPoolExecutor.java:1093)
 java.util.concurrent.ScheduledThreadPoolExecutor$DelayedWorkQueue.take(ScheduledThreadPoolExecutor.java:809)
 java.util.concurrent.ThreadPoolExecutor.getTask(ThreadPoolExecutor.java:1067)
 java.util.concurrent.ThreadPoolExecutor.runWorker(ThreadPoolExecutor.java:1127)
 java.util.concurrent.ThreadPoolExecutor$Worker.run(ThreadPoolExecutor.java:617)
 java.lang.Thread.run(Thread.java:748)
08-Sep-2017 15:02:17.981 警告 [localhost-startStop-2] org.apache.catalina.loader.WebappClassLoaderBase.clearReferencesThreads The web application [dubbokeeper] appears to have started a thread named [localhost-startStop-1-SendThread(static.vacomall.com:2181)] but has failed to stop it. This is very likely to create a memory leak. Stack trace of thread:
 sun.nio.ch.WindowsSelectorImpl$SubSelector.poll0(Native Method)
 sun.nio.ch.WindowsSelectorImpl$SubSelector.poll(WindowsSelectorImpl.java:296)
 sun.nio.ch.WindowsSelectorImpl$SubSelector.access$400(WindowsSelectorImpl.java:278)
 sun.nio.ch.WindowsSelectorImpl.doSelect(WindowsSelectorImpl.java:159)
 sun.nio.ch.SelectorImpl.lockAndDoSelect(SelectorImpl.java:86)
 sun.nio.ch.SelectorImpl.select(SelectorImpl.java:97)
 org.apache.zookeeper.ClientCnxn$SendThread.run(ClientCnxn.java:1107)
08-Sep-2017 15:02:17.985 警告 [localhost-startStop-2] org.apache.catalina.loader.WebappClassLoaderBase.clearReferencesThreads The web application [dubbokeeper] appears to have started a thread named [localhost-startStop-1-EventThread] but has failed to stop it. This is very likely to create a memory leak. Stack trace of thread:
 sun.misc.Unsafe.park(Native Method)
 java.util.concurrent.locks.LockSupport.park(LockSupport.java:175)
 java.util.concurrent.locks.AbstractQueuedSynchronizer$ConditionObject.await(AbstractQueuedSynchronizer.java:2039)
 java.util.concurrent.LinkedBlockingQueue.take(LinkedBlockingQueue.java:442)
 org.apache.zookeeper.ClientCnxn$EventThread.run(ClientCnxn.java:502)
08-Sep-2017 15:02:17.987 警告 [localhost-startStop-2] org.apache.catalina.loader.WebappClassLoaderBase.clearReferencesThreads The web application [dubbokeeper] appears to have started a thread named [DubboSaveRegistryCache-thread-1] but has failed to stop it. This is very likely to create a memory leak. Stack trace of thread:
 sun.misc.Unsafe.park(Native Method)
 java.util.concurrent.locks.LockSupport.park(LockSupport.java:175)
 java.util.concurrent.locks.AbstractQueuedSynchronizer$ConditionObject.await(AbstractQueuedSynchronizer.java:2039)
 java.util.concurrent.LinkedBlockingQueue.take(LinkedBlockingQueue.java:442)
 java.util.concurrent.ThreadPoolExecutor.getTask(ThreadPoolExecutor.java:1067)
 java.util.concurrent.ThreadPoolExecutor.runWorker(ThreadPoolExecutor.java:1127)
 java.util.concurrent.ThreadPoolExecutor$Worker.run(ThreadPoolExecutor.java:617)
 java.lang.Thread.run(Thread.java:748)
08-Sep-2017 15:02:17.992 警告 [localhost-startStop-2] org.apache.catalina.loader.WebappClassLoaderBase.clearReferencesThreads The web application [dubbokeeper] appears to have started a thread named [localhost-startStop-1-SendThread(static.vacomall.com:2181)] but has failed to stop it. This is very likely to create a memory leak. Stack trace of thread:
 sun.nio.ch.WindowsSelectorImpl$SubSelector.poll0(Native Method)
 sun.nio.ch.WindowsSelectorImpl$SubSelector.poll(WindowsSelectorImpl.java:296)
 sun.nio.ch.WindowsSelectorImpl$SubSelector.access$400(WindowsSelectorImpl.java:278)
 sun.nio.ch.WindowsSelectorImpl.doSelect(WindowsSelectorImpl.java:159)
 sun.nio.ch.SelectorImpl.lockAndDoSelect(SelectorImpl.java:86)
 sun.nio.ch.SelectorImpl.select(SelectorImpl.java:97)
 org.apache.zookeeper.ClientCnxn$SendThread.run(ClientCnxn.java:1107)
08-Sep-2017 15:02:17.998 警告 [localhost-startStop-2] org.apache.catalina.loader.WebappClassLoaderBase.clearReferencesThreads The web application [dubbokeeper] appears to have started a thread named [localhost-startStop-1-EventThread] but has failed to stop it. This is very likely to create a memory leak. Stack trace of thread:
 sun.misc.Unsafe.park(Native Method)
 java.util.concurrent.locks.LockSupport.park(LockSupport.java:175)
 java.util.concurrent.locks.AbstractQueuedSynchronizer$ConditionObject.await(AbstractQueuedSynchronizer.java:2039)
 java.util.concurrent.LinkedBlockingQueue.take(LinkedBlockingQueue.java:442)
 org.apache.zookeeper.ClientCnxn$EventThread.run(ClientCnxn.java:502)
08-Sep-2017 15:02:17.999 警告 [localhost-startStop-2] org.apache.catalina.loader.WebappClassLoaderBase.clearReferencesThreads The web application [dubbokeeper] appears to have started a thread named [localhost-startStop-1-SendThread(static.vacomall.com:2182)] but has failed to stop it. This is very likely to create a memory leak. Stack trace of thread:
 sun.nio.ch.WindowsSelectorImpl$SubSelector.poll0(Native Method)
 sun.nio.ch.WindowsSelectorImpl$SubSelector.poll(WindowsSelectorImpl.java:296)
 sun.nio.ch.WindowsSelectorImpl$SubSelector.access$400(WindowsSelectorImpl.java:278)
 sun.nio.ch.WindowsSelectorImpl.doSelect(WindowsSelectorImpl.java:159)
 sun.nio.ch.SelectorImpl.lockAndDoSelect(SelectorImpl.java:86)
 sun.nio.ch.SelectorImpl.select(SelectorImpl.java:97)
 org.apache.zookeeper.ClientCnxn$SendThread.run(ClientCnxn.java:1107)
08-Sep-2017 15:02:18.004 警告 [localhost-startStop-2] org.apache.catalina.loader.WebappClassLoaderBase.clearReferencesThreads The web application [dubbokeeper] appears to have started a thread named [localhost-startStop-1-EventThread] but has failed to stop it. This is very likely to create a memory leak. Stack trace of thread:
 sun.misc.Unsafe.park(Native Method)
 java.util.concurrent.locks.LockSupport.park(LockSupport.java:175)
 java.util.concurrent.locks.AbstractQueuedSynchronizer$ConditionObject.await(AbstractQueuedSynchronizer.java:2039)
 java.util.concurrent.LinkedBlockingQueue.take(LinkedBlockingQueue.java:442)
 org.apache.zookeeper.ClientCnxn$EventThread.run(ClientCnxn.java:502)
08-Sep-2017 15:02:18.009 警告 [localhost-startStop-2] org.apache.catalina.loader.WebappClassLoaderBase.clearReferencesThreads The web application [dubbokeeper] appears to have started a thread named [localhost-startStop-1-SendThread(static.vacomall.com:2183)] but has failed to stop it. This is very likely to create a memory leak. Stack trace of thread:
 sun.nio.ch.WindowsSelectorImpl$SubSelector.poll0(Native Method)
 sun.nio.ch.WindowsSelectorImpl$SubSelector.poll(WindowsSelectorImpl.java:296)
 sun.nio.ch.WindowsSelectorImpl$SubSelector.access$400(WindowsSelectorImpl.java:278)
 sun.nio.ch.WindowsSelectorImpl.doSelect(WindowsSelectorImpl.java:159)
 sun.nio.ch.SelectorImpl.lockAndDoSelect(SelectorImpl.java:86)
 sun.nio.ch.SelectorImpl.select(SelectorImpl.java:97)
 org.apache.zookeeper.ClientCnxn$SendThread.run(ClientCnxn.java:1107)
08-Sep-2017 15:02:18.014 警告 [localhost-startStop-2] org.apache.catalina.loader.WebappClassLoaderBase.clearReferencesThreads The web application [dubbokeeper] appears to have started a thread named [localhost-startStop-1-EventThread] but has failed to stop it. This is very likely to create a memory leak. Stack trace of thread:
 sun.misc.Unsafe.park(Native Method)
 java.util.concurrent.locks.LockSupport.park(LockSupport.java:175)
 java.util.concurrent.locks.AbstractQueuedSynchronizer$ConditionObject.await(AbstractQueuedSynchronizer.java:2039)
 java.util.concurrent.LinkedBlockingQueue.take(LinkedBlockingQueue.java:442)
 org.apache.zookeeper.ClientCnxn$EventThread.run(ClientCnxn.java:502)
08-Sep-2017 15:02:18.053 信息 [Thread-6] org.apache.coyote.AbstractProtocol.stop Stopping ProtocolHandler ["http-nio-8016"]
08-Sep-2017 15:02:18.055 信息 [Thread-6] org.apache.coyote.AbstractProtocol.stop Stopping ProtocolHandler ["ajp-nio-8010"]
08-Sep-2017 15:02:18.057 信息 [Thread-6] org.apache.coyote.AbstractProtocol.destroy Destroying ProtocolHandler ["http-nio-8016"]
08-Sep-2017 15:02:18.058 信息 [Thread-6] org.apache.coyote.AbstractProtocol.destroy Destroying ProtocolHandler ["ajp-nio-8010"]
