08-Sep-2017 14:39:46.300 信息 [localhost-startStop-1] org.apache.catalina.core.ApplicationContext.log No Spring WebApplicationInitializer types detected on classpath
08-Sep-2017 14:39:46.498 信息 [localhost-startStop-1] org.apache.catalina.core.ApplicationContext.log Initializing Spring root WebApplicationContext
08-Sep-2017 14:39:47.479 信息 [localhost-startStop-1] org.apache.catalina.core.ApplicationContext.log Initializing Spring FrameworkServlet 'springMVC'
08-Sep-2017 14:39:49.772 信息 [localhost-startStop-1] org.apache.catalina.core.ApplicationContext.log ContextListener: contextInitialized()
08-Sep-2017 14:39:49.772 信息 [localhost-startStop-1] org.apache.catalina.core.ApplicationContext.log SessionListener: contextInitialized()
08-Sep-2017 14:39:51.789 信息 [localhost-startStop-1] org.apache.catalina.core.ApplicationContext.log No Spring WebApplicationInitializer types detected on classpath
08-Sep-2017 14:39:51.852 信息 [localhost-startStop-1] org.apache.catalina.core.ApplicationContext.log Initializing Spring root WebApplicationContext
08-Sep-2017 14:39:52.495 信息 [localhost-startStop-1] org.apache.catalina.core.ApplicationContext.log Initializing Spring FrameworkServlet 'TaoKeeper-Monitor'
08-Sep-2017 14:39:52.613 严重 [localhost-startStop-1] org.apache.catalina.core.ApplicationContext.log StandardWrapper.Throwable
 java.lang.RuntimeException: G:\app_server\apache-tomcat-8.5.8-taokeeper-monitor\webapps\taokeeper-monitor\config\taokeeper-monitor-config.properties (系统找不到指定的路径。)
	at com.taobao.taokeeper.monitor.core.Initialization.initSystem(Initialization.java:87)
	at com.taobao.taokeeper.monitor.core.Initialization.init(Initialization.java:45)
	at javax.servlet.GenericServlet.init(GenericServlet.java:158)
	at org.apache.catalina.core.StandardWrapper.initServlet(StandardWrapper.java:1183)
	at org.apache.catalina.core.StandardWrapper.loadServlet(StandardWrapper.java:1099)
	at org.apache.catalina.core.StandardWrapper.load(StandardWrapper.java:989)
	at org.apache.catalina.core.StandardContext.loadOnStartup(StandardContext.java:4913)
	at org.apache.catalina.core.StandardContext.startInternal(StandardContext.java:5223)
	at org.apache.catalina.util.LifecycleBase.start(LifecycleBase.java:150)
	at org.apache.catalina.core.ContainerBase.addChildInternal(ContainerBase.java:752)
	at org.apache.catalina.core.ContainerBase.addChild(ContainerBase.java:728)
	at org.apache.catalina.core.StandardHost.addChild(StandardHost.java:734)
	at org.apache.catalina.startup.HostConfig.deployDirectory(HostConfig.java:1107)
	at org.apache.catalina.startup.HostConfig$DeployDirectory.run(HostConfig.java:1841)
	at java.util.concurrent.Executors$RunnableAdapter.call(Executors.java:511)
	at java.util.concurrent.FutureTask.run(FutureTask.java:266)
	at java.util.concurrent.ThreadPoolExecutor.runWorker(ThreadPoolExecutor.java:1142)
	at java.util.concurrent.ThreadPoolExecutor$Worker.run(ThreadPoolExecutor.java:617)
	at java.lang.Thread.run(Thread.java:748)

08-Sep-2017 14:39:52.613 严重 [localhost-startStop-1] org.apache.catalina.core.StandardContext.loadOnStartup Servlet [TaskStartup] in web application [/taokeeper-monitor] threw load() exception
 java.lang.RuntimeException: G:\app_server\apache-tomcat-8.5.8-taokeeper-monitor\webapps\taokeeper-monitor\config\taokeeper-monitor-config.properties (系统找不到指定的路径。)
	at com.taobao.taokeeper.monitor.core.Initialization.initSystem(Initialization.java:87)
	at com.taobao.taokeeper.monitor.core.Initialization.init(Initialization.java:45)
	at javax.servlet.GenericServlet.init(GenericServlet.java:158)
	at org.apache.catalina.core.StandardWrapper.initServlet(StandardWrapper.java:1183)
	at org.apache.catalina.core.StandardWrapper.loadServlet(StandardWrapper.java:1099)
	at org.apache.catalina.core.StandardWrapper.load(StandardWrapper.java:989)
	at org.apache.catalina.core.StandardContext.loadOnStartup(StandardContext.java:4913)
	at org.apache.catalina.core.StandardContext.startInternal(StandardContext.java:5223)
	at org.apache.catalina.util.LifecycleBase.start(LifecycleBase.java:150)
	at org.apache.catalina.core.ContainerBase.addChildInternal(ContainerBase.java:752)
	at org.apache.catalina.core.ContainerBase.addChild(ContainerBase.java:728)
	at org.apache.catalina.core.StandardHost.addChild(StandardHost.java:734)
	at org.apache.catalina.startup.HostConfig.deployDirectory(HostConfig.java:1107)
	at org.apache.catalina.startup.HostConfig$DeployDirectory.run(HostConfig.java:1841)
	at java.util.concurrent.Executors$RunnableAdapter.call(Executors.java:511)
	at java.util.concurrent.FutureTask.run(FutureTask.java:266)
	at java.util.concurrent.ThreadPoolExecutor.runWorker(ThreadPoolExecutor.java:1142)
	at java.util.concurrent.ThreadPoolExecutor$Worker.run(ThreadPoolExecutor.java:617)
	at java.lang.Thread.run(Thread.java:748)

08-Sep-2017 14:42:03.662 严重 [http-nio-8016-exec-10] org.apache.catalina.core.StandardWrapperValve.invoke Servlet.service() for servlet [springMVC] in context with path [/dubbokeeper] threw exception [Request processing failed; nested exception is com.alibaba.dubbo.rpc.RpcException: Forbid consumer 192.168.245.1 access service com.dubboclub.dk.storage.StatisticsStorage from registry 127.0.0.1:2181 use dubbo version 2.5.3, Please check registry access list (whitelist/blacklist).] with root cause
 com.alibaba.dubbo.rpc.RpcException: Forbid consumer 192.168.245.1 access service com.dubboclub.dk.storage.StatisticsStorage from registry 127.0.0.1:2181 use dubbo version 2.5.3, Please check registry access list (whitelist/blacklist).
	at com.alibaba.dubbo.registry.integration.RegistryDirectory.doList(RegistryDirectory.java:579)
	at com.alibaba.dubbo.rpc.cluster.directory.AbstractDirectory.list(AbstractDirectory.java:73)
	at com.alibaba.dubbo.rpc.cluster.support.AbstractClusterInvoker.list(AbstractClusterInvoker.java:260)
	at com.alibaba.dubbo.rpc.cluster.support.AbstractClusterInvoker.invoke(AbstractClusterInvoker.java:219)
	at com.alibaba.dubbo.rpc.cluster.support.wrapper.MockClusterInvoker.invoke(MockClusterInvoker.java:72)
	at com.alibaba.dubbo.rpc.proxy.InvokerInvocationHandler.invoke(InvokerInvocationHandler.java:52)
	at com.alibaba.dubbo.common.bytecode.proxy1.queryApplications(proxy1.java)
	at com.dubboclub.dk.web.controller.MonitorController.monitorIndex(MonitorController.java:103)
	at sun.reflect.NativeMethodAccessorImpl.invoke0(Native Method)
	at sun.reflect.NativeMethodAccessorImpl.invoke(NativeMethodAccessorImpl.java:62)
	at sun.reflect.DelegatingMethodAccessorImpl.invoke(DelegatingMethodAccessorImpl.java:43)
	at java.lang.reflect.Method.invoke(Method.java:498)
	at org.springframework.web.method.support.InvocableHandlerMethod.doInvoke(InvocableHandlerMethod.java:221)
	at org.springframework.web.method.support.InvocableHandlerMethod.invokeForRequest(InvocableHandlerMethod.java:137)
	at org.springframework.web.servlet.mvc.method.annotation.ServletInvocableHandlerMethod.invokeAndHandle(ServletInvocableHandlerMethod.java:110)
	at org.springframework.web.servlet.mvc.method.annotation.RequestMappingHandlerAdapter.invokeHandleMethod(RequestMappingHandlerAdapter.java:776)
	at org.springframework.web.servlet.mvc.method.annotation.RequestMappingHandlerAdapter.handleInternal(RequestMappingHandlerAdapter.java:705)
	at org.springframework.web.servlet.mvc.method.AbstractHandlerMethodAdapter.handle(AbstractHandlerMethodAdapter.java:85)
	at org.springframework.web.servlet.DispatcherServlet.doDispatch(DispatcherServlet.java:959)
	at org.springframework.web.servlet.DispatcherServlet.doService(DispatcherServlet.java:893)
	at org.springframework.web.servlet.FrameworkServlet.processRequest(FrameworkServlet.java:966)
	at org.springframework.web.servlet.FrameworkServlet.doPost(FrameworkServlet.java:868)
	at javax.servlet.http.HttpServlet.service(HttpServlet.java:648)
	at org.springframework.web.servlet.FrameworkServlet.service(FrameworkServlet.java:842)
	at javax.servlet.http.HttpServlet.service(HttpServlet.java:729)
	at org.apache.catalina.core.ApplicationFilterChain.internalDoFilter(ApplicationFilterChain.java:230)
	at org.apache.catalina.core.ApplicationFilterChain.doFilter(ApplicationFilterChain.java:165)
	at org.apache.tomcat.websocket.server.WsFilter.doFilter(WsFilter.java:52)
	at org.apache.catalina.core.ApplicationFilterChain.internalDoFilter(ApplicationFilterChain.java:192)
	at org.apache.catalina.core.ApplicationFilterChain.doFilter(ApplicationFilterChain.java:165)
	at org.apache.catalina.core.StandardWrapperValve.invoke(StandardWrapperValve.java:198)
	at org.apache.catalina.core.StandardContextValve.invoke(StandardContextValve.java:108)
	at org.apache.catalina.authenticator.AuthenticatorBase.invoke(AuthenticatorBase.java:472)
	at org.apache.catalina.core.StandardHostValve.invoke(StandardHostValve.java:140)
	at org.apache.catalina.valves.ErrorReportValve.invoke(ErrorReportValve.java:79)
	at org.apache.catalina.valves.AbstractAccessLogValve.invoke(AbstractAccessLogValve.java:620)
	at org.apache.catalina.core.StandardEngineValve.invoke(StandardEngineValve.java:87)
	at org.apache.catalina.connector.CoyoteAdapter.service(CoyoteAdapter.java:349)
	at org.apache.coyote.http11.Http11Processor.service(Http11Processor.java:783)
	at org.apache.coyote.AbstractProcessorLight.process(AbstractProcessorLight.java:66)
	at org.apache.coyote.AbstractProtocol$ConnectionHandler.process(AbstractProtocol.java:789)
	at org.apache.tomcat.util.net.NioEndpoint$SocketProcessor.doRun(NioEndpoint.java:1455)
	at org.apache.tomcat.util.net.SocketProcessorBase.run(SocketProcessorBase.java:49)
	at java.util.concurrent.ThreadPoolExecutor.runWorker(ThreadPoolExecutor.java:1142)
	at java.util.concurrent.ThreadPoolExecutor$Worker.run(ThreadPoolExecutor.java:617)
	at org.apache.tomcat.util.threads.TaskThread$WrappingRunnable.run(TaskThread.java:61)
	at java.lang.Thread.run(Thread.java:748)

08-Sep-2017 14:43:10.580 严重 [http-nio-8016-exec-7] org.apache.catalina.core.StandardWrapperValve.invoke Servlet.service() for servlet [springMVC] in context with path [/dubbokeeper] threw exception [Request processing failed; nested exception is com.alibaba.dubbo.rpc.RpcException: Forbid consumer 192.168.245.1 access service com.dubboclub.dk.storage.StatisticsStorage from registry 127.0.0.1:2181 use dubbo version 2.5.3, Please check registry access list (whitelist/blacklist).] with root cause
 com.alibaba.dubbo.rpc.RpcException: Forbid consumer 192.168.245.1 access service com.dubboclub.dk.storage.StatisticsStorage from registry 127.0.0.1:2181 use dubbo version 2.5.3, Please check registry access list (whitelist/blacklist).
	at com.alibaba.dubbo.registry.integration.RegistryDirectory.doList(RegistryDirectory.java:579)
	at com.alibaba.dubbo.rpc.cluster.directory.AbstractDirectory.list(AbstractDirectory.java:73)
	at com.alibaba.dubbo.rpc.cluster.support.AbstractClusterInvoker.list(AbstractClusterInvoker.java:260)
	at com.alibaba.dubbo.rpc.cluster.support.AbstractClusterInvoker.invoke(AbstractClusterInvoker.java:219)
	at com.alibaba.dubbo.rpc.cluster.support.wrapper.MockClusterInvoker.invoke(MockClusterInvoker.java:72)
	at com.alibaba.dubbo.rpc.proxy.InvokerInvocationHandler.invoke(InvokerInvocationHandler.java:52)
	at com.alibaba.dubbo.common.bytecode.proxy1.queryApplications(proxy1.java)
	at com.dubboclub.dk.web.controller.MonitorController.monitorIndex(MonitorController.java:103)
	at sun.reflect.NativeMethodAccessorImpl.invoke0(Native Method)
	at sun.reflect.NativeMethodAccessorImpl.invoke(NativeMethodAccessorImpl.java:62)
	at sun.reflect.DelegatingMethodAccessorImpl.invoke(DelegatingMethodAccessorImpl.java:43)
	at java.lang.reflect.Method.invoke(Method.java:498)
	at org.springframework.web.method.support.InvocableHandlerMethod.doInvoke(InvocableHandlerMethod.java:221)
	at org.springframework.web.method.support.InvocableHandlerMethod.invokeForRequest(InvocableHandlerMethod.java:137)
	at org.springframework.web.servlet.mvc.method.annotation.ServletInvocableHandlerMethod.invokeAndHandle(ServletInvocableHandlerMethod.java:110)
	at org.springframework.web.servlet.mvc.method.annotation.RequestMappingHandlerAdapter.invokeHandleMethod(RequestMappingHandlerAdapter.java:776)
	at org.springframework.web.servlet.mvc.method.annotation.RequestMappingHandlerAdapter.handleInternal(RequestMappingHandlerAdapter.java:705)
	at org.springframework.web.servlet.mvc.method.AbstractHandlerMethodAdapter.handle(AbstractHandlerMethodAdapter.java:85)
	at org.springframework.web.servlet.DispatcherServlet.doDispatch(DispatcherServlet.java:959)
	at org.springframework.web.servlet.DispatcherServlet.doService(DispatcherServlet.java:893)
	at org.springframework.web.servlet.FrameworkServlet.processRequest(FrameworkServlet.java:966)
	at org.springframework.web.servlet.FrameworkServlet.doPost(FrameworkServlet.java:868)
	at javax.servlet.http.HttpServlet.service(HttpServlet.java:648)
	at org.springframework.web.servlet.FrameworkServlet.service(FrameworkServlet.java:842)
	at javax.servlet.http.HttpServlet.service(HttpServlet.java:729)
	at org.apache.catalina.core.ApplicationFilterChain.internalDoFilter(ApplicationFilterChain.java:230)
	at org.apache.catalina.core.ApplicationFilterChain.doFilter(ApplicationFilterChain.java:165)
	at org.apache.tomcat.websocket.server.WsFilter.doFilter(WsFilter.java:52)
	at org.apache.catalina.core.ApplicationFilterChain.internalDoFilter(ApplicationFilterChain.java:192)
	at org.apache.catalina.core.ApplicationFilterChain.doFilter(ApplicationFilterChain.java:165)
	at org.apache.catalina.core.StandardWrapperValve.invoke(StandardWrapperValve.java:198)
	at org.apache.catalina.core.StandardContextValve.invoke(StandardContextValve.java:108)
	at org.apache.catalina.authenticator.AuthenticatorBase.invoke(AuthenticatorBase.java:472)
	at org.apache.catalina.core.StandardHostValve.invoke(StandardHostValve.java:140)
	at org.apache.catalina.valves.ErrorReportValve.invoke(ErrorReportValve.java:79)
	at org.apache.catalina.valves.AbstractAccessLogValve.invoke(AbstractAccessLogValve.java:620)
	at org.apache.catalina.core.StandardEngineValve.invoke(StandardEngineValve.java:87)
	at org.apache.catalina.connector.CoyoteAdapter.service(CoyoteAdapter.java:349)
	at org.apache.coyote.http11.Http11Processor.service(Http11Processor.java:783)
	at org.apache.coyote.AbstractProcessorLight.process(AbstractProcessorLight.java:66)
	at org.apache.coyote.AbstractProtocol$ConnectionHandler.process(AbstractProtocol.java:789)
	at org.apache.tomcat.util.net.NioEndpoint$SocketProcessor.doRun(NioEndpoint.java:1455)
	at org.apache.tomcat.util.net.SocketProcessorBase.run(SocketProcessorBase.java:49)
	at java.util.concurrent.ThreadPoolExecutor.runWorker(ThreadPoolExecutor.java:1142)
	at java.util.concurrent.ThreadPoolExecutor$Worker.run(ThreadPoolExecutor.java:617)
	at org.apache.tomcat.util.threads.TaskThread$WrappingRunnable.run(TaskThread.java:61)
	at java.lang.Thread.run(Thread.java:748)

08-Sep-2017 15:02:17.915 信息 [localhost-startStop-2] org.apache.catalina.core.ApplicationContext.log Destroying Spring FrameworkServlet 'springMVC'
08-Sep-2017 15:02:17.946 信息 [localhost-startStop-2] org.apache.catalina.core.ApplicationContext.log Closing Spring root WebApplicationContext
08-Sep-2017 15:02:18.023 信息 [localhost-startStop-2] org.apache.catalina.core.ApplicationContext.log SessionListener: contextDestroyed()
08-Sep-2017 15:02:18.023 信息 [localhost-startStop-2] org.apache.catalina.core.ApplicationContext.log ContextListener: contextDestroyed()
08-Sep-2017 15:02:18.027 信息 [localhost-startStop-2] org.apache.catalina.core.ApplicationContext.log Destroying Spring FrameworkServlet 'TaoKeeper-Monitor'
08-Sep-2017 15:02:18.033 信息 [localhost-startStop-2] org.apache.catalina.core.ApplicationContext.log Closing Spring root WebApplicationContext
