06-Sep-2017 10:19:06.914 信息 [main] org.apache.catalina.startup.VersionLoggerListener.log Server version:        Apache Tomcat/8.5.8
06-Sep-2017 10:19:06.930 信息 [main] org.apache.catalina.startup.VersionLoggerListener.log Server built:          Nov 3 2016 21:14:13 UTC
06-Sep-2017 10:19:06.930 信息 [main] org.apache.catalina.startup.VersionLoggerListener.log Server number:         8.5.8.0
06-Sep-2017 10:19:06.930 信息 [main] org.apache.catalina.startup.VersionLoggerListener.log OS Name:               Windows 7
06-Sep-2017 10:19:06.930 信息 [main] org.apache.catalina.startup.VersionLoggerListener.log OS Version:            6.1
06-Sep-2017 10:19:06.930 信息 [main] org.apache.catalina.startup.VersionLoggerListener.log Architecture:          amd64
06-Sep-2017 10:19:06.930 信息 [main] org.apache.catalina.startup.VersionLoggerListener.log Java Home:             C:\Program Files\Java\jdk1.8.0_131\jre
06-Sep-2017 10:19:06.930 信息 [main] org.apache.catalina.startup.VersionLoggerListener.log JVM Version:           1.8.0_131-b11
06-Sep-2017 10:19:06.930 信息 [main] org.apache.catalina.startup.VersionLoggerListener.log JVM Vendor:            Oracle Corporation
06-Sep-2017 10:19:06.930 信息 [main] org.apache.catalina.startup.VersionLoggerListener.log CATALINA_BASE:         G:\app_server\apache-tomcat-8.5.8
06-Sep-2017 10:19:06.930 信息 [main] org.apache.catalina.startup.VersionLoggerListener.log CATALINA_HOME:         G:\app_server\apache-tomcat-8.5.8
06-Sep-2017 10:19:06.930 信息 [main] org.apache.catalina.startup.VersionLoggerListener.log Command line argument: -Djdk.tls.ephemeralDHKeySize=2048
06-Sep-2017 10:19:06.930 信息 [main] org.apache.catalina.startup.VersionLoggerListener.log Command line argument: -Djava.protocol.handler.pkgs=org.apache.catalina.webresources
06-Sep-2017 10:19:06.930 信息 [main] org.apache.catalina.startup.VersionLoggerListener.log Command line argument: -Djava.util.logging.config.file=G:\app_server\apache-tomcat-8.5.8\conf\logging.properties
06-Sep-2017 10:19:06.930 信息 [main] org.apache.catalina.startup.VersionLoggerListener.log Command line argument: -Djava.util.logging.manager=org.apache.juli.ClassLoaderLogManager
06-Sep-2017 10:19:06.930 信息 [main] org.apache.catalina.startup.VersionLoggerListener.log Command line argument: -Dcatalina.base=G:\app_server\apache-tomcat-8.5.8
06-Sep-2017 10:19:06.930 信息 [main] org.apache.catalina.startup.VersionLoggerListener.log Command line argument: -Dcatalina.home=G:\app_server\apache-tomcat-8.5.8
06-Sep-2017 10:19:06.930 信息 [main] org.apache.catalina.startup.VersionLoggerListener.log Command line argument: -Djava.io.tmpdir=G:\app_server\apache-tomcat-8.5.8\temp
06-Sep-2017 10:19:06.930 信息 [main] org.apache.catalina.core.AprLifecycleListener.lifecycleEvent Loaded APR based Apache Tomcat Native library 1.2.10 using APR version 1.5.2.
06-Sep-2017 10:19:06.946 信息 [main] org.apache.catalina.core.AprLifecycleListener.lifecycleEvent APR capabilities: IPv6 [true], sendfile [true], accept filters [false], random [true].
06-Sep-2017 10:19:06.946 信息 [main] org.apache.catalina.core.AprLifecycleListener.lifecycleEvent APR/OpenSSL configuration: useAprConnector [false], useOpenSSL [true]
06-Sep-2017 10:19:07.398 信息 [main] org.apache.catalina.core.AprLifecycleListener.initializeSSL OpenSSL successfully initialized (OpenSSL 1.0.2j  26 Sep 2016)
06-Sep-2017 10:19:07.476 信息 [main] org.apache.coyote.AbstractProtocol.init Initializing ProtocolHandler ["http-nio-8015"]
06-Sep-2017 10:19:07.601 信息 [main] org.apache.tomcat.util.net.NioSelectorPool.getSharedSelector Using a shared selector for servlet write/read
06-Sep-2017 10:19:07.601 信息 [main] org.apache.coyote.AbstractProtocol.init Initializing ProtocolHandler ["ajp-nio-8009"]
06-Sep-2017 10:19:07.601 信息 [main] org.apache.tomcat.util.net.NioSelectorPool.getSharedSelector Using a shared selector for servlet write/read
06-Sep-2017 10:19:07.601 信息 [main] org.apache.catalina.startup.Catalina.load Initialization processed in 1146 ms
06-Sep-2017 10:19:07.632 信息 [main] org.apache.catalina.core.StandardService.startInternal Starting service Catalina
06-Sep-2017 10:19:07.632 信息 [main] org.apache.catalina.core.StandardEngine.startInternal Starting Servlet Engine: Apache Tomcat/8.5.8
06-Sep-2017 10:19:07.694 信息 [localhost-startStop-1] org.apache.catalina.startup.HostConfig.deployDirectory Deploying web application directory G:\app_server\apache-tomcat-8.5.8\webapps\ROOT
06-Sep-2017 10:19:11.101 信息 [localhost-startStop-1] org.apache.jasper.servlet.TldScanner.scanJars At least one JAR was scanned for TLDs yet contained no TLDs. Enable debug logging for this logger for a complete list of JARs that were scanned but no TLDs were found in them. Skipping unneeded JARs during scanning can improve startup time and JSP compilation time.
06-Sep-2017 10:21:02.968 信息 [main] org.apache.catalina.startup.VersionLoggerListener.log Server version:        Apache Tomcat/8.5.8
06-Sep-2017 10:21:02.968 信息 [main] org.apache.catalina.startup.VersionLoggerListener.log Server built:          Nov 3 2016 21:14:13 UTC
06-Sep-2017 10:21:02.968 信息 [main] org.apache.catalina.startup.VersionLoggerListener.log Server number:         8.5.8.0
06-Sep-2017 10:21:02.968 信息 [main] org.apache.catalina.startup.VersionLoggerListener.log OS Name:               Windows 7
06-Sep-2017 10:21:02.968 信息 [main] org.apache.catalina.startup.VersionLoggerListener.log OS Version:            6.1
06-Sep-2017 10:21:02.968 信息 [main] org.apache.catalina.startup.VersionLoggerListener.log Architecture:          amd64
06-Sep-2017 10:21:02.968 信息 [main] org.apache.catalina.startup.VersionLoggerListener.log Java Home:             C:\Program Files\Java\jdk1.8.0_131\jre
06-Sep-2017 10:21:02.968 信息 [main] org.apache.catalina.startup.VersionLoggerListener.log JVM Version:           1.8.0_131-b11
06-Sep-2017 10:21:02.968 信息 [main] org.apache.catalina.startup.VersionLoggerListener.log JVM Vendor:            Oracle Corporation
06-Sep-2017 10:21:02.968 信息 [main] org.apache.catalina.startup.VersionLoggerListener.log CATALINA_BASE:         G:\app_server\apache-tomcat-8.5.8
06-Sep-2017 10:21:02.983 信息 [main] org.apache.catalina.startup.VersionLoggerListener.log CATALINA_HOME:         G:\app_server\apache-tomcat-8.5.8
06-Sep-2017 10:21:02.983 信息 [main] org.apache.catalina.startup.VersionLoggerListener.log Command line argument: -Djdk.tls.ephemeralDHKeySize=2048
06-Sep-2017 10:21:02.983 信息 [main] org.apache.catalina.startup.VersionLoggerListener.log Command line argument: -Djava.protocol.handler.pkgs=org.apache.catalina.webresources
06-Sep-2017 10:21:02.983 信息 [main] org.apache.catalina.startup.VersionLoggerListener.log Command line argument: -Djava.util.logging.config.file=G:\app_server\apache-tomcat-8.5.8\conf\logging.properties
06-Sep-2017 10:21:02.983 信息 [main] org.apache.catalina.startup.VersionLoggerListener.log Command line argument: -Djava.util.logging.manager=org.apache.juli.ClassLoaderLogManager
06-Sep-2017 10:21:02.983 信息 [main] org.apache.catalina.startup.VersionLoggerListener.log Command line argument: -Dcatalina.base=G:\app_server\apache-tomcat-8.5.8
06-Sep-2017 10:21:02.983 信息 [main] org.apache.catalina.startup.VersionLoggerListener.log Command line argument: -Dcatalina.home=G:\app_server\apache-tomcat-8.5.8
06-Sep-2017 10:21:02.983 信息 [main] org.apache.catalina.startup.VersionLoggerListener.log Command line argument: -Djava.io.tmpdir=G:\app_server\apache-tomcat-8.5.8\temp
06-Sep-2017 10:21:02.983 信息 [main] org.apache.catalina.core.AprLifecycleListener.lifecycleEvent Loaded APR based Apache Tomcat Native library 1.2.10 using APR version 1.5.2.
06-Sep-2017 10:21:02.983 信息 [main] org.apache.catalina.core.AprLifecycleListener.lifecycleEvent APR capabilities: IPv6 [true], sendfile [true], accept filters [false], random [true].
06-Sep-2017 10:21:02.999 信息 [main] org.apache.catalina.core.AprLifecycleListener.lifecycleEvent APR/OpenSSL configuration: useAprConnector [false], useOpenSSL [true]
06-Sep-2017 10:21:03.389 信息 [main] org.apache.catalina.core.AprLifecycleListener.initializeSSL OpenSSL successfully initialized (OpenSSL 1.0.2j  26 Sep 2016)
06-Sep-2017 10:21:03.467 信息 [main] org.apache.coyote.AbstractProtocol.init Initializing ProtocolHandler ["http-nio-8015"]
06-Sep-2017 10:21:03.592 信息 [main] org.apache.tomcat.util.net.NioSelectorPool.getSharedSelector Using a shared selector for servlet write/read
06-Sep-2017 10:21:03.592 信息 [main] org.apache.coyote.AbstractProtocol.init Initializing ProtocolHandler ["ajp-nio-8009"]
06-Sep-2017 10:21:03.592 信息 [main] org.apache.tomcat.util.net.NioSelectorPool.getSharedSelector Using a shared selector for servlet write/read
06-Sep-2017 10:21:03.592 信息 [main] org.apache.catalina.startup.Catalina.load Initialization processed in 826 ms
06-Sep-2017 10:21:03.607 信息 [main] org.apache.catalina.core.StandardService.startInternal Starting service Catalina
06-Sep-2017 10:21:03.607 信息 [main] org.apache.catalina.core.StandardEngine.startInternal Starting Servlet Engine: Apache Tomcat/8.5.8
06-Sep-2017 10:21:03.623 信息 [localhost-startStop-1] org.apache.catalina.startup.HostConfig.deployDirectory Deploying web application directory G:\app_server\apache-tomcat-8.5.8\webapps\ROOT
06-Sep-2017 10:21:05.144 信息 [localhost-startStop-1] org.apache.jasper.servlet.TldScanner.scanJars At least one JAR was scanned for TLDs yet contained no TLDs. Enable debug logging for this logger for a complete list of JARs that were scanned but no TLDs were found in them. Skipping unneeded JARs during scanning can improve startup time and JSP compilation time.
06-Sep-2017 10:21:08.232 信息 [localhost-startStop-1] org.apache.catalina.startup.HostConfig.deployDirectory Deployment of web application directory G:\app_server\apache-tomcat-8.5.8\webapps\ROOT has finished in 4,609 ms
06-Sep-2017 10:21:08.232 信息 [main] org.apache.coyote.AbstractProtocol.start Starting ProtocolHandler [http-nio-8015]
06-Sep-2017 10:21:08.248 信息 [main] org.apache.coyote.AbstractProtocol.start Starting ProtocolHandler [ajp-nio-8009]
06-Sep-2017 10:21:08.248 信息 [main] org.apache.catalina.startup.Catalina.start Server startup in 4649 ms
06-Sep-2017 17:42:40.512 信息 [http-nio-8015-exec-7] org.apache.tomcat.util.http.parser.Cookie.logInvalidHeader A cookie header was received [1504690958; Hm_lpvt_c4578bda90040ec19ded56112b82246f=1504690958] that contained an invalid cookie. That cookie will be ignored.Note: further occurrences of this error will be logged at DEBUG level.
