28-Sep-2017 10:26:16.509 信息 [main] org.apache.catalina.startup.VersionLoggerListener.log Server version:        Apache Tomcat/8.5.8
28-Sep-2017 10:26:16.509 信息 [main] org.apache.catalina.startup.VersionLoggerListener.log Server built:          Nov 3 2016 21:14:13 UTC
28-Sep-2017 10:26:16.509 信息 [main] org.apache.catalina.startup.VersionLoggerListener.log Server number:         8.5.8.0
28-Sep-2017 10:26:16.509 信息 [main] org.apache.catalina.startup.VersionLoggerListener.log OS Name:               Windows 7
28-Sep-2017 10:26:16.509 信息 [main] org.apache.catalina.startup.VersionLoggerListener.log OS Version:            6.1
28-Sep-2017 10:26:16.509 信息 [main] org.apache.catalina.startup.VersionLoggerListener.log Architecture:          amd64
28-Sep-2017 10:26:16.509 信息 [main] org.apache.catalina.startup.VersionLoggerListener.log Java Home:             C:\Program Files\Java\jdk1.8.0_131\jre
28-Sep-2017 10:26:16.509 信息 [main] org.apache.catalina.startup.VersionLoggerListener.log JVM Version:           1.8.0_131-b11
28-Sep-2017 10:26:16.509 信息 [main] org.apache.catalina.startup.VersionLoggerListener.log JVM Vendor:            Oracle Corporation
28-Sep-2017 10:26:16.509 信息 [main] org.apache.catalina.startup.VersionLoggerListener.log CATALINA_BASE:         G:\app_server\apache-tomcat-8.5.8
28-Sep-2017 10:26:16.509 信息 [main] org.apache.catalina.startup.VersionLoggerListener.log CATALINA_HOME:         G:\app_server\apache-tomcat-8.5.8
28-Sep-2017 10:26:16.509 信息 [main] org.apache.catalina.startup.VersionLoggerListener.log Command line argument: -Djdk.tls.ephemeralDHKeySize=2048
28-Sep-2017 10:26:16.509 信息 [main] org.apache.catalina.startup.VersionLoggerListener.log Command line argument: -Djava.protocol.handler.pkgs=org.apache.catalina.webresources
28-Sep-2017 10:26:16.509 信息 [main] org.apache.catalina.startup.VersionLoggerListener.log Command line argument: -Djava.util.logging.config.file=G:\app_server\apache-tomcat-8.5.8\conf\logging.properties
28-Sep-2017 10:26:16.509 信息 [main] org.apache.catalina.startup.VersionLoggerListener.log Command line argument: -Djava.util.logging.manager=org.apache.juli.ClassLoaderLogManager
28-Sep-2017 10:26:16.509 信息 [main] org.apache.catalina.startup.VersionLoggerListener.log Command line argument: -Dcatalina.base=G:\app_server\apache-tomcat-8.5.8
28-Sep-2017 10:26:16.509 信息 [main] org.apache.catalina.startup.VersionLoggerListener.log Command line argument: -Dcatalina.home=G:\app_server\apache-tomcat-8.5.8
28-Sep-2017 10:26:16.526 信息 [main] org.apache.catalina.startup.VersionLoggerListener.log Command line argument: -Djava.io.tmpdir=G:\app_server\apache-tomcat-8.5.8\temp
28-Sep-2017 10:26:16.526 信息 [main] org.apache.catalina.core.AprLifecycleListener.lifecycleEvent Loaded APR based Apache Tomcat Native library 1.2.10 using APR version 1.5.2.
28-Sep-2017 10:26:16.526 信息 [main] org.apache.catalina.core.AprLifecycleListener.lifecycleEvent APR capabilities: IPv6 [true], sendfile [true], accept filters [false], random [true].
28-Sep-2017 10:26:16.526 信息 [main] org.apache.catalina.core.AprLifecycleListener.lifecycleEvent APR/OpenSSL configuration: useAprConnector [false], useOpenSSL [true]
28-Sep-2017 10:26:16.947 信息 [main] org.apache.catalina.core.AprLifecycleListener.initializeSSL OpenSSL successfully initialized (OpenSSL 1.0.2j  26 Sep 2016)
28-Sep-2017 10:26:17.040 信息 [main] org.apache.coyote.AbstractProtocol.init Initializing ProtocolHandler ["http-nio-8015"]
28-Sep-2017 10:26:17.150 信息 [main] org.apache.tomcat.util.net.NioSelectorPool.getSharedSelector Using a shared selector for servlet write/read
28-Sep-2017 10:26:17.165 信息 [main] org.apache.coyote.AbstractProtocol.init Initializing ProtocolHandler ["ajp-nio-8009"]
28-Sep-2017 10:26:17.165 信息 [main] org.apache.tomcat.util.net.NioSelectorPool.getSharedSelector Using a shared selector for servlet write/read
28-Sep-2017 10:26:17.165 信息 [main] org.apache.catalina.startup.Catalina.load Initialization processed in 999 ms
28-Sep-2017 10:26:17.196 信息 [main] org.apache.catalina.core.StandardService.startInternal Starting service Catalina
28-Sep-2017 10:26:17.196 信息 [main] org.apache.catalina.core.StandardEngine.startInternal Starting Servlet Engine: Apache Tomcat/8.5.8
28-Sep-2017 10:26:17.196 信息 [localhost-startStop-1] org.apache.catalina.startup.HostConfig.deployDirectory Deploying web application directory G:\app_server\apache-tomcat-8.5.8\webapps\ROOT
28-Sep-2017 10:26:20.925 信息 [localhost-startStop-1] org.apache.jasper.servlet.TldScanner.scanJars At least one JAR was scanned for TLDs yet contained no TLDs. Enable debug logging for this logger for a complete list of JARs that were scanned but no TLDs were found in them. Skipping unneeded JARs during scanning can improve startup time and JSP compilation time.
28-Sep-2017 10:26:24.497 信息 [localhost-startStop-1] org.apache.catalina.startup.HostConfig.deployDirectory Deployment of web application directory G:\app_server\apache-tomcat-8.5.8\webapps\ROOT has finished in 7,301 ms
28-Sep-2017 10:26:24.513 信息 [main] org.apache.coyote.AbstractProtocol.start Starting ProtocolHandler [http-nio-8015]
28-Sep-2017 10:26:24.528 信息 [main] org.apache.coyote.AbstractProtocol.start Starting ProtocolHandler [ajp-nio-8009]
28-Sep-2017 10:26:24.528 信息 [main] org.apache.catalina.startup.Catalina.start Server startup in 7359 ms
